2023-12-15T09:12:57.538Z [info] Successfully retrieved payments (User Name: Vishw Prajapati)
2023-12-19T08:59:08.062Z [info] Successfully retrieved payments (User Name: codecrew codecrew)
2023-12-20T06:18:48.802Z [info] Successfully retrieved payments (User Name: codecrew codecrew)
2023-12-20T06:20:02.423Z [info] Successfully retrieved payments (User Name: codecrew codecrew)
2023-12-20T06:21:04.491Z [info] Successfully retrieved payments (User Name: codecrew codecrew)
undefined
undefined
2023-12-20T06:24:29.856Z [info] Successfully retrieved payments (User Name: 6580083254f1405724db1671)
2023-12-20T06:25:18.649Z [info] Successfully retrieved payments (User Name: codecrew codecrew)
2023-12-20T13:44:47.674Z [info] Successfully retrieved payments (User Name: Saddam Rana)
2023-12-20T13:44:47.709Z [info] Successfully retrieved payments (User Name: Saddam Rana)
2023-12-20T13:45:17.888Z [info] Successfully retrieved payments (User Name: Saddam Rana)
2023-12-20T13:45:17.936Z [info] Successfully retrieved payments (User Name: Saddam Rana)
2023-12-20T13:51:09.760Z [info] Successfully retrieved payments (User Name: Saddam Rana)
2023-12-20T13:51:51.960Z [info] Successfully retrieved payments (User Name: Saddam Rana)
2023-12-20T13:51:51.983Z [info] Successfully retrieved payments (User Name: Saddam Rana)
2023-12-20T13:53:25.832Z [info] Successfully retrieved payments (User Name: Saddam Rana)
2023-12-20T13:53:25.859Z [info] Successfully retrieved payments (User Name: Saddam Rana)
2023-12-20T13:53:31.669Z [info] Successfully retrieved payments (User Name: Saddam Rana)
2023-12-20T13:53:31.691Z [info] Successfully retrieved payments (User Name: Saddam Rana)
2023-12-20T13:53:32.721Z [info] Successfully retrieved payments (User Name: Saddam Rana)
2023-12-20T13:53:49.216Z [info] Successfully retrieved payments (User Name: Saddam Rana)
2023-12-20T13:53:49.236Z [info] Successfully retrieved payments (User Name: Saddam Rana)
2023-12-20T13:53:58.760Z [info] Successfully retrieved payments (User Name: Saddam Rana)
2023-12-20T13:53:58.795Z [info] Successfully retrieved payments (User Name: Saddam Rana)
2023-12-20T13:53:59.708Z [info] Successfully retrieved payments (User Name: Saddam Rana)
2023-12-20T13:54:21.798Z [info] Successfully add payment (User Name: Saddam Rana)
2023-12-20T13:54:21.916Z [info] Successfully retrieved payments (User Name: Saddam Rana)
2023-12-20T13:54:21.941Z [info] Successfully retrieved payments (User Name: Saddam Rana)
2023-12-20T13:54:27.978Z [info] Successfully retrieved payments (User Name: Saddam Rana)
2023-12-20T13:54:27.997Z [info] Successfully retrieved payments (User Name: Saddam Rana)
2023-12-20T13:54:28.930Z [info] Successfully retrieved payments (User Name: Saddam Rana)
2023-12-20T13:54:37.671Z [info] Successfully retrieved payments (User Name: Saddam Rana)
2023-12-20T13:55:15.390Z [info] Successfully add payment (User Name: Saddam Rana)
2023-12-20T13:55:15.550Z [info] Successfully retrieved payments (User Name: Saddam Rana)
2023-12-20T13:55:15.578Z [info] Successfully retrieved payments (User Name: Saddam Rana)
2023-12-20T14:09:27.047Z [info] Invoice Successfully Created By Saddam Rana
2023-12-20T14:14:20.108Z [info]  ₹ 160 Invoice Successfully Created By Saddam Rana
2023-12-20T14:15:00.950Z [info] Successfully retrieved payments (User Name: Saddam Rana)
2023-12-20T14:15:00.977Z [info] Successfully retrieved payments (User Name: Saddam Rana)
2023-12-20T14:15:29.499Z [info] Successfully retrieved payments (User Name: Saddam Rana)
2023-12-20T14:15:29.533Z [info] Successfully retrieved payments (User Name: Saddam Rana)
2023-12-20T14:15:52.448Z [info] Successfully retrieved payments (User Name: Saddam Rana)
2023-12-20T14:15:52.536Z [info] Successfully retrieved payments (User Name: Saddam Rana)
2023-12-20T14:16:24.517Z [info] Successfully retrieved payments (User Name: Saddam Rana)
2023-12-20T14:16:24.543Z [info] Successfully retrieved payments (User Name: Saddam Rana)
2023-12-20T14:19:21.501Z [info] <span>Invoice Successfully Created By Saddam Rana</span><br/><ul><li>Invoice Amount: ₹ 1200</li></ul>
2023-12-20T14:30:09.215Z [info] Successfully retrieved payments (User Name: Saddam Rana)
2023-12-20T14:30:09.257Z [info] Successfully retrieved payments (User Name: Saddam Rana)
2023-12-21T04:57:56.935Z [info] Successfully retrieved payments (User Name: Saddam Rana)
2023-12-21T04:57:56.983Z [info] Successfully retrieved payments (User Name: Saddam Rana)
2023-12-21T04:58:02.157Z [info] Successfully retrieved payments (User Name: Saddam Rana)
2023-12-21T04:58:02.177Z [info] Successfully retrieved payments (User Name: Saddam Rana)
2023-12-21T04:58:04.474Z [info] Successfully retrieved payments (User Name: Saddam Rana)
2023-12-21T04:58:04.497Z [info] Successfully retrieved payments (User Name: Saddam Rana)
2023-12-21T05:02:13.263Z [info] <span>Customer Successfully Created By Saddam Rana</span><br/><ul><li>Customer Name: Code Crew</li>
          <li>Customer Currency: 657bf53b3d8ec4b01f1b4c65</li></ul>
2023-12-21T05:07:16.088Z [info] <span>Customer Successfully Updated By Saddam Rana</span><br/><ul><li>Customer Name: Code Crew</li>
          <li>Customer Currency: ₹</li></ul>
2023-12-21T05:08:11.401Z [info] <span>Customer Successfully Updated By Saddam Rana</span><br/<li>Customer Name: Code Crew</li>
          <li>Customer Currency: ₹</li>
2023-12-21T05:09:01.729Z [info] <span>Customer Successfully Updated By Saddam Rana</span><br><li>Customer Name: Code Crew</li>
          <li>Customer Currency: ₹</li>
2023-12-21T05:12:59.935Z [info] <span>Customer Successfully Updated By Saddam Rana</span><br><li>Company Name: Code Crew</li><li>Customer Name: Code Crew Infotech</li>
          <li>Customer Currency: ₹</li>
2023-12-21T05:18:05.150Z [info] Successfully retrieved payments (User Name: Saddam Rana)
2023-12-21T05:18:05.184Z [info] Successfully retrieved payments (User Name: Saddam Rana)
2023-12-21T05:20:45.283Z [info] Successfully retrieved payments (User Name: Saddam Rana)
2023-12-21T05:20:45.323Z [info] Successfully retrieved payments (User Name: Saddam Rana)
2023-12-21T05:26:26.335Z [info] <span>Customer Successfully Created By Saddam Rana</span><br><li>Company Name: Code Crew Infotech</li><li>Customer Name: Code Crew</li>
          <li>Customer Currency: ₹</li> <li>Customer Projects: ₹</li>
2023-12-21T05:26:44.701Z [info] <span>Customer Successfully Updated By Saddam Rana</span><br><li>Company Name: Code Crew Infotech</li><li>Customer Name: Code Crew</li>
          <li>Customer Currency: ₹</li>
2023-12-21T05:27:06.258Z [info] <span>Customer Successfully Updated By Saddam Rana</span><br><li>Company Name: Code Crew Infotech</li><li>Customer Name: Code Crew</li>
          <li>Customer Currency: ₹</li>
2023-12-21T05:29:37.663Z [info] <span>Customer Successfully Updated By Saddam Rana</span><br><li>Company Name: Code Crew Infotech</li><li>Customer Name: Code Crew</li>
          <li>Customer Currency: ₹</li>
2023-12-21T05:30:55.328Z [info] <span>Customer Successfully Updated By Saddam Rana</span><br><li>Company Name: Code Crew Infotech</li><li>Customer Name: Code Crew</li>
          <li>Customer Currency: ₹</li>
2023-12-21T05:33:21.625Z [info] <span>Customer Successfully Updated By Saddam Rana</span><br><li>Company Name: Code Crew Infotech</li><li>Customer Name: Code Crew</li>
          <li>Customer Currency: ₹</li>
2023-12-21T05:35:30.831Z [info] <span>Customer Successfully Updated By Saddam Rana</span><br><li>Customer Name: Code Crew</li> 
          <li>Customer Projects: EMS,name</li>
2023-12-21T05:38:51.580Z [info] <span>Customer Successfully Created By Saddam Rana</span><br><li>Customer Name: Aman Shah</li> 
          <li>Customer Projects: add,ass</li>
2023-12-21T05:46:23.024Z [info] Successfully retrieved payments (User Name: Saddam Rana)
2023-12-21T05:46:23.132Z [info] Successfully retrieved payments (User Name: Saddam Rana)
2023-12-21T05:47:18.702Z [info] <span>Customer Successfully Created By Saddam Rana</span><br><li>Customer Name: Code Crew</li> 
          <li>Customer Type: International</li><li>Customer Projects: EMS,AMS</li>
2023-12-21T06:00:17.591Z [info] Successfully retrieved payments (User Name: Aman Shah)
2023-12-21T06:00:17.619Z [info] Successfully retrieved payments (User Name: Aman Shah)
2023-12-21T06:02:47.243Z [info] <a href="{customer/6583d507e48f4553e89edefb"}><span>Code Crew Created By Aman Shah</span></a>
2023-12-21T06:02:59.061Z [info] Successfully retrieved payments (User Name: Aman Shah)
2023-12-21T06:02:59.087Z [info] Successfully retrieved payments (User Name: Aman Shah)
2023-12-21T06:03:05.350Z [info] Successfully retrieved payments (User Name: Aman Shah)
2023-12-21T06:03:05.382Z [info] Successfully retrieved payments (User Name: Aman Shah)
2023-12-21T06:07:40.003Z [info] Successfully retrieved payments (User Name: Aman Shah)
2023-12-21T06:07:40.036Z [info] Successfully retrieved payments (User Name: Aman Shah)
2023-12-21T06:11:10.126Z [info] <a href="customer/6583d6fe83d87fd8338d12a0"><span>Code Crew Created By Aman Shah</span></a>
2023-12-21T06:12:08.272Z [info] Successfully retrieved payments (User Name: Aman Shah)
2023-12-21T06:12:08.300Z [info] Successfully retrieved payments (User Name: Aman Shah)
2023-12-21T06:21:05.849Z [info] Successfully retrieved payments (User Name: Aman Shah)
2023-12-21T06:21:05.882Z [info] Successfully retrieved payments (User Name: Aman Shah)
2023-12-21T06:21:07.376Z [info] Successfully retrieved payments (User Name: Aman Shah)
2023-12-21T06:21:07.406Z [info] Successfully retrieved payments (User Name: Aman Shah)
2023-12-21T06:21:11.226Z [info] Successfully retrieved payments (User Name: Aman Shah)
2023-12-21T06:21:11.261Z [info] Successfully retrieved payments (User Name: Aman Shah)
2023-12-21T06:23:22.174Z [info] <a href="customer/6583d6fe83d87fd8338d12a0"><span>Code Crew Updated By Aman Shah</span></a>
2023-12-21T06:44:31.938Z [info] Successfully retrieved payments (User Name: Aman Shah)
2023-12-21T06:44:31.979Z [info] Successfully retrieved payments (User Name: Aman Shah)
2023-12-21T06:44:33.298Z [info] Successfully retrieved payments (User Name: Aman Shah)
2023-12-21T07:00:28.367Z [info] <a href="invoice/6583e28cb9d51ec71313953c"><span>CC/2023-24/12/EXP/01 Invoice Created By Aman Shah</span></a>
2023-12-21T07:02:14.466Z [info] Successfully retrieved payments (User Name: Aman Shah)
2023-12-21T07:02:14.494Z [info] Successfully retrieved payments (User Name: Aman Shah)
2023-12-21T07:05:33.372Z [info] <a href="invoice/6583e28cb9d51ec71313953c"><span>CC/2023-24/12/EXP/01 Invoice Updated By Aman Shah</span></a> (User Name: Aman Shah)
2023-12-21T07:06:42.458Z [info] <a href="invoice/6583e28cb9d51ec71313953c"><span>CC/2023-24/12/EXP/01 Invoice Updated By Aman Shah</span></a>
2023-12-21T09:01:33.188Z [info] <a href="payment/6583feed7fbedf4e1ab2a83c"><span>PAY-0001 Payment created By Aman Shah</span></a>
2023-12-21T09:19:53.988Z [info] <a href="payment/6583feed7fbedf4e1ab2a83c"><span>PAY-0001</a> Payment Updated By Aman Shah</span>
2023-12-21T09:32:19.275Z [info] <a href="settings"><span>Company Settings</a> Updated By Aman Shah</span>
2023-12-21T10:13:13.217Z [info] <span>Customer Successfully Updated By Aman Shah</span><br><li>Customer Name: Code Crew</li><li>Customer Projects: ₹</li>
2023-12-21T10:16:11.695Z [info] <span>Customer Successfully Updated By Aman Shah</span><br><li>Customer Name: Code Crew</li><li>Customer Projects: ₹</li>
2023-12-21T10:18:26.232Z [info] <span>Customer Successfully Updated By Aman Shah</span><br><li>Customer Name: Code Crew</li><li>Customer Projects: ₹</li>
2023-12-21T10:18:49.292Z [info] <span>Customer Successfully Updated By Aman Shah</span><br><li>Customer Name: Code Crew CC</li><li>Customer Projects: ₹</li>
2023-12-21T10:27:30.829Z [info] <span>Customer Successfully Updated By Aman Shah</span><br><li>Customer Name: Code Crew CC</li><li>Customer Currency: ₹</li><li>Customer projects: EMS,MV Power</li>
2023-12-21T10:31:42.430Z [info] Successfully retrieved payments (User Name: Aman Shah)
2023-12-21T10:31:42.591Z [info] Successfully retrieved payments (User Name: Aman Shah)
2023-12-21T10:32:08.091Z [info] <a href="invoice/658414280c7cf1f2d188a4ff"><span>CC/2023-24/12/EXP/01 Invoice Created By Aman Shah</span></a><br/><ul><li>Invoice Amount: ₹ 120</li>
          <li>Invoice Due Date: 05-01-2024</li></ul>
2023-12-21T10:53:04.295Z [info] Invoice Successfully Updated By Aman Shah (User Name: Aman Shah)
2023-12-21T11:50:55.899Z [info] <a href="invoice/pdf/658414280c7cf1f2d188a4ff"><span>CC/2023-24/12/EXP/01 Invoice Created By Aman Shah</span></a><br/><li>Invoice Amount: undefined 160</li>
          <li>Invoice Due Date: 05-01-2024</li> (User Name: Aman Shah)
2023-12-21T11:51:57.618Z [info] <a href="invoice/pdf/658414280c7cf1f2d188a4ff"><span>CC/2023-24/12/EXP/01 Invoice Created By Aman Shah</span></a><br/><li>Invoice Amount: undefined 150</li>
          <li>Invoice Due Date: 05-01-2024</li>
2023-12-21T12:08:23.456Z [info] <a href="invoice/pdf/658414280c7cf1f2d188a4ff"><span>CC/2023-24/12/EXP/01 Invoice Updated By Aman Shah</span></a><br/><li>Invoice Amount: undefined 180</li>
          <li>Invoice Due Date: 05-01-2024</li>
2023-12-21T12:08:57.289Z [info] <a href="invoice/pdf/65842ad9555a4fb198411547"><span>CC/2023-24/12/EXP/02 Invoice Created By Aman Shah</span></a><br/><li>Invoice Amount: ₹ 190</li>
          <li>Invoice Due Date: 05-01-2024</li>
2023-12-21T12:10:36.239Z [info] Successfully retrieved payments (User Name: Aman Shah)
2023-12-21T12:10:36.280Z [info] Successfully retrieved payments (User Name: Aman Shah)
2023-12-21T12:11:03.695Z [info] <a href="invoice/pdf/65842b572d6fccb86829941f"><span>CC/2023-24/12/EXP/03 Invoice Created By Aman Shah</span></a><br/><li>Invoice Amount: ₹ 450</li>
          <li>Invoice Due Date: 05-01-2024</li>
2023-12-21T12:11:06.300Z [info] Successfully retrieved payments (User Name: Aman Shah)
2023-12-21T12:11:06.331Z [info] Successfully retrieved payments (User Name: Aman Shah)
2023-12-21T12:15:33.321Z [info] <a href="invoice/pdf/65842b572d6fccb86829941f"><span>CC/2023-24/12/EXP/03 Invoice Updated By Aman Shah</span></a><br/>
          <li>Invoice Amount: undefined 460</li>
          <li>Invoice Due Date: 05-01-2024</li>
2023-12-21T12:17:31.177Z [info] <a href="invoice/pdf/65842b572d6fccb86829941f"><span>CC/2023-24/12/EXP/03 Invoice Updated By Aman Shah</span></a><br/>
          <li>Invoice Amount: ₹ 490</li>
          <li>Invoice Due Date: 05-01-2024</li>
2023-12-21T12:19:37.604Z [info] <a href="invoice/pdf/65842b572d6fccb86829941f"><span>CC/2023-24/12/EXP/03 Invoice Updated By Aman Shah</span></a><br/>
          <li>Invoice Amount: ₹ 500</li>
          <li>Invoice Due Date: 05-01-2024</li>
2023-12-21T12:21:09.816Z [info] <a href="invoice/pdf/65842b572d6fccb86829941f"><span>CC/2023-24/12/EXP/03</a> Invoice Updated By Aman Shah</span><br/>
          <li>Invoice Amount: ₹ 620</li>
          <li>Invoice Due Date: 05-01-2024</li>
2023-12-21T12:22:55.451Z [info] <a href="customer/6583d6fe83d87fd8338d12a0"><span>Code Crew CC Customer Created By Aman Shah</span></a><br>
          <li>Customer Currency: ₹</li> <li>Customer Projects: EMS,MV Power</li>
2023-12-21T12:24:10.208Z [info] <a href="customer/6583d6fe83d87fd8338d12a0"><span>Code Crew CC</a> Customer Created By Aman Shah</span><br>
          <li>Customer Currency: ₹</li> <li>Customer Projects: EMS,MV Power</li>
2023-12-21T12:24:37.159Z [info] Successfully retrieved payments (User Name: Aman Shah)
2023-12-21T12:24:37.196Z [info] Successfully retrieved payments (User Name: Aman Shah)
2023-12-21T12:26:10.650Z [info] Successfully retrieved payments (User Name: Aman Shah)
2023-12-21T12:26:10.704Z [info] Successfully retrieved payments (User Name: Aman Shah)
2023-12-21T12:26:18.853Z [info] Successfully retrieved payments (User Name: Aman Shah)
2023-12-21T12:26:28.068Z [info] Successfully retrieved payments (User Name: Aman Shah)
2023-12-21T12:26:28.127Z [info] Successfully retrieved payments (User Name: Aman Shah)
2023-12-21T12:26:31.114Z [info] Successfully retrieved payments (User Name: Aman Shah)
2023-12-21T12:26:31.214Z [info] Successfully retrieved payments (User Name: Aman Shah)
2023-12-21T12:26:43.163Z [info] Successfully retrieved payments (User Name: Aman Shah)
2023-12-21T12:26:43.206Z [info] Successfully retrieved payments (User Name: Aman Shah)
2023-12-21T12:31:11.531Z [info] <a href="payment/6584300f95ada7fd355dc32e"><span>PAY-0001</a> Payment Created By Aman Shah</span><br>
          <li>Customer Name: undefined</li> <li>Invoice Number: CC/2023-24/12/EXP/01</li>
          <li>Payment Amount: undefined</li>
2023-12-21T12:37:52.055Z [info] <a href="payment/658431a06826065b3287ff63"><span>PAY-0001</a> Payment Created By Aman Shah</span><br>
          <li>Customer Name: CodeCrew Infotech</li> <li>Invoice Number: CC/2023-24/12/EXP/01</li>
          <li>Payment Amount: 150</li>
          <li>Due Amount: 30</li>
2023-12-21T12:42:10.111Z [info] <a href="payment/658432a295e8040237b630bf"><span>PAY-0001</a> Payment Created By Aman Shah</span><br>
          <li>Customer Name: CodeCrew Infotech</li> <li>Invoice Number: CC/2023-24/12/EXP/01</li>
          <li>Payment Amount:₹ 180</li>
          <li>Due Amount:₹ 0</li>
2023-12-21T12:45:13.835Z [info] <a href="payment/658432a295e8040237b630bf"><span>PAY-0001</a> Payment Updated By Aman Shah</span><br>
          <li>Customer Name: CodeCrew Infotech</li> <li>Invoice Number: undefined</li>
          <li>Payment Amount:₹ 180</li>
          <li>Due Amount:₹ NaN</li>
2023-12-21T12:46:42.806Z [info] <a href="payment/658432a295e8040237b630bf"><span>PAY-0001</a> Payment Updated By Aman Shah</span><br>
          <li>Customer Name: CodeCrew Infotech</li> <li>Invoice Number: CC/2023-24/12/EXP/01</li>
          <li>Payment Amount:₹ 150</li>
          <li>Due Amount:₹ -120</li>
2023-12-21T12:47:32.724Z [info] <a href="payment/658433e4d3a910107015370a"><span>PAY-0002</a> Payment Created By Aman Shah</span><br>
          <li>Customer Name: CodeCrew Infotech</li> <li>Invoice Number: CC/2023-24/12/EXP/02</li>
          <li>Payment Amount:₹ 170</li>
          <li>Due Amount:₹ 20</li>
2023-12-21T12:47:47.808Z [info] <a href="payment/658433e4d3a910107015370a"><span>PAY-0002</a> Payment Updated By Aman Shah</span><br>
          <li>Customer Name: CodeCrew Infotech</li> <li>Invoice Number: CC/2023-24/12/EXP/02</li>
          <li>Payment Amount:₹ 170</li>
          <li>Due Amount:₹ -150</li>
2023-12-21T12:49:03.744Z [info] <a href="payment/6584343f835cbcf8ef9d1f1b"><span>PAY-0003</a> Payment Created By Aman Shah</span><br>
          <li>Customer Name: CodeCrew Infotech</li> <li>Invoice Number: CC/2023-24/12/EXP/03</li>
          <li>Payment Amount:₹ 500</li>
          <li>Due Amount:₹ 120</li>
2023-12-21T12:49:16.296Z [info] <a href="payment/6584343f835cbcf8ef9d1f1b"><span>PAY-0003</a> Payment Updated By Aman Shah</span><br>
          <li>Customer Name: CodeCrew Infotech</li> <li>Invoice Number: CC/2023-24/12/EXP/03</li>
          <li>Payment Amount:₹ 500</li>
          <li>Due Amount:₹ 120</li>
2023-12-21T12:50:16.876Z [info] <a href="payment/6584343f835cbcf8ef9d1f1b"><span>PAY-0003</a> Payment Updated By Aman Shah</span><br>
          <li>Customer Name: CodeCrew Infotech</li> <li>Invoice Number: CC/2023-24/12/EXP/03</li>
          <li>Payment Amount:₹ 400</li>
          <li>Due Amount:₹ -380</li>
2023-12-21T12:55:27.703Z [info] <a href="payment/658435bff6ad373646cb7c02"><span>PAY-0001</a> Payment Created By Aman Shah</span><br>
          <li>Customer Name: CodeCrew Infotech</li> <li>Invoice Number: CC/2023-24/12/EXP/01</li>
          <li>Payment Amount:₹ 150</li>
          <li>Due Amount:₹ 30</li>
2023-12-21T13:14:06.546Z [info] <a href="payment/658435bff6ad373646cb7c02"><span>PAY-0001</a> Payment Updated By Aman Shah</span><br>
          <li>Customer Name: CodeCrew Infotech</li> <li>Invoice Number: CC/2023-24/12/EXP/01</li>
          <li>Payment Amount:₹ 150</li>
          <li>Due Amount:₹ -90</li>
2023-12-21T13:17:34.076Z [info] <a href="payment/658435bff6ad373646cb7c02"><span>PAY-0001</a> Payment Updated By Aman Shah</span><br>
          <li>Customer Name: CodeCrew Infotech</li> <li>Invoice Number: CC/2023-24/12/EXP/01</li>
          <li>Payment Amount:₹ 50</li>
          <li>Due Amount:₹ -20</li>
2023-12-21T13:18:36.158Z [info] <a href="payment/658435bff6ad373646cb7c02"><span>PAY-0001</a> Payment Updated By Aman Shah</span><br>
          <li>Customer Name: CodeCrew Infotech</li> <li>Invoice Number: CC/2023-24/12/EXP/01</li>
          <li>Payment Amount:₹ 80</li>
          <li>Due Amount:₹ 50</li>
2023-12-21T13:21:47.461Z [info] <a href="payment/658435bff6ad373646cb7c02"><span>PAY-0001</a> Payment Updated By Aman Shah</span><br>
          <li>Customer Name: CodeCrew Infotech</li> <li>Invoice Number: CC/2023-24/12/EXP/01</li>
          <li>Payment Amount:₹ 20</li>
          <li>Due Amount:₹ 160</li>
2023-12-22T10:38:02.024Z [info] <a href="payment/658567092a58c4b1e948d79a"><span>PAY-0002</a> Payment Created By Aman Shah</span><br>
          <li>Customer Name: CodeCrew Infotech</li> <li>Invoice Number: CC/2023-24/12/EXP/01</li>
          <li>Payment Amount:₹ 150</li>
          <li>Due Amount:₹ 10</li>
2023-12-25T06:09:43.774Z [info] <a href="customer/65891ca7660ea4ef0e5b87b8"><span>Sheldon Powe</a> Customer Created By Aman Shah</span></a><br>
          <li>Customer Currency: $</li> <li>Customer Projects: AMS</li>
2023-12-25T06:16:35.557Z [info] <a href="customer/65891ca7660ea4ef0e5b87b8"><span>Sheldon Powe</a> Customer Created By Aman Shah</span><br>
          <li>Customer Currency: $</li> <li>Customer Projects: AMS</li>
2023-12-25T06:19:57.980Z [info] <a href="customer/65891f0d1547d961ca537c91"><span>John </a> Customer Created By Aman Shah</span></a><br>
          <li>Customer Currency: ₹</li> <li>Customer Projects: </li>
2023-12-25T08:27:47.514Z [info] <a href="invoice/pdf/65893d035ed0e19ff50ec83a"><span>CC/2023-24/12/EXP/01</a> Invoice Created By Aman Shah</span></a><br/><li>Invoice Amount: ₹ 950</li>
          <li>Invoice Due Date: 09-01-2024</li>
2023-12-25T08:29:00.874Z [info] <a href="customer/6583d6fe83d87fd8338d12a0"><span>Code Crew CC</a> Customer Created By Aman Shah</span><br>
          <li>Customer Currency: ₹</li> <li>Customer Projects: EMS,MV Power,Hygrade</li>
2023-12-25T08:29:23.313Z [info] <a href="customer/6583d6fe83d87fd8338d12a0"><span>Code Crew CC</a> Customer Created By Aman Shah</span><br>
          <li>Customer Currency: ₹</li> <li>Customer Projects: EMS,MV Power,Hygrade</li>
2023-12-25T08:29:59.055Z [info] <a href="customer/6583d6fe83d87fd8338d12a0"><span>Code Crew CC</a> Customer Created By Aman Shah</span><br>
          <li>Customer Currency: ₹</li> <li>Customer Projects: EMS,MV Power,Hygrade</li>
2023-12-25T08:32:34.488Z [info] <a href="invoice/pdf/65893e225ed0e19ff50ec9b5"><span>CC/2023-24/12/D/01</a> Invoice Created By Aman Shah</span></a><br/><li>Invoice Amount: ₹ 2006</li>
          <li>Invoice Due Date: 09-01-2024</li>
2023-12-25T08:43:59.944Z [info] <a href="payment/658940cf5ed0e19ff50ecb8e"><span>PAY-0001</a> Payment Created By Aman Shah</span><br>
          <li>Customer Name: Innovate10x</li> <li>Invoice Number: CC/2023-24/12/EXP/01</li>
          <li>Payment Amount:$ 800</li>
          <li>Due Amount:$ 150</li>
2023-12-25T08:46:21.908Z [info] <a href="customer/6589415d5ed0e19ff50ecbe6"><span>Sandip Ganava</a> Customer Created By Aman Shah</span></a><br>
          <li>Customer Currency: ₹</li> <li>Customer Projects: </li>
2023-12-25T10:24:35.745Z [info] <a href="customer/6589415d5ed0e19ff50ecbe6"><span>Sandip Ganava</a> Customer Created By Test123 Sutahr</span><br>
          <li>Customer Currency: ₹</li> <li>Customer Projects: </li>
2023-12-26T05:55:05.211Z [info] <a href="invoice/pdf/65893d035ed0e19ff50ec83a"><span>CC/2023-24/12/EXP/01</a> Invoice Updated By Test123 Sutahr</span><br/>
          <li>Invoice Amount: $ 950</li>
          <li>Invoice Due Date: 09-01-2024</li>
2023-12-26T11:57:19.038Z [info] <a href="payment/658abf9e071873eb8858eea8"><span>PAY-0002</a> Payment Created By Meet Suthar</span><br>
          <li>Customer Name: Innovate10x</li> <li>Invoice Number: CC/2023-24/12/EXP/01</li>
          <li>Payment Amount:$ 150</li>
          <li>Due Amount:$ 0</li>
2023-12-26T12:09:04.640Z [info] <a href="customer/6589415d5ed0e19ff50ecbe6"><span>Sandip Ganava</a> Customer Created By Meet Suthar</span><br>
          <li>Customer Currency: ₹</li> <li>Customer Projects: Billing System</li>
2023-12-26T12:15:03.483Z [info] <a href="invoice/pdf/658ac3c74eaba8b11aed284b"><span>CC/2023-24/12/EXP/02</a> Invoice Created By Meet Suthar</span></a><br/><li>Invoice Amount: ₹ 550</li>
          <li>Invoice Due Date: 10-01-2024</li>
2023-12-26T12:15:50.122Z [info] <a href="customer/6589415d5ed0e19ff50ecbe6"><span>Sandip Ganava</a> Customer Created By Meet Suthar</span><br>
          <li>Customer Currency: $</li> <li>Customer Projects: Billing System</li>
2023-12-26T12:18:54.803Z [info] <a href="payment/658ac4ae91d165b746e4d2f5"><span>PAY-0003</a> Payment Created By Meet Suthar</span><br>
          <li>Customer Name: Sandip Ganava</li> <li>Invoice Number: CC/2023-24/12/EXP/02</li>
          <li>Payment Amount:$ 440</li>
          <li>Due Amount:$ 110</li>
2023-12-26T13:48:09.757Z [info] <a href="payment/658ac4ae91d165b746e4d2f5"><span>PAY-0003</a> Payment Updated By Meet Suthar</span><br>
          <li>Customer Name: Sandip Ganava</li> <li>Invoice Number: CC/2023-24/12/EXP/02</li>
          <li>Payment Amount:$ 140.00</li>
          <li>Due Amount:$ 410</li>
2023-12-26T14:23:03.961Z [info] <a href="payment/658ae1c7297481fb7eabd1f6"><span>PAY-0004</a> Payment Created By Meet Suthar</span><br>
          <li>Customer Name: Sandip Ganava</li> <li>Invoice Number: CC/2023-24/12/EXP/02</li>
          <li>Payment Amount:$ 410</li>
          <li>Due Amount:$ 0</li>
2023-12-26T14:41:22.274Z [info] <a href="payment/658ae1c7297481fb7eabd1f6"><span></a> Payment Updated By Meet Suthar</span><br>
          <li>Customer Name: Sandip Ganava</li> <li>Invoice Number: CC/2023-24/12/EXP/02</li>
          <li>Payment Amount:$ 410</li>
          <li>Due Amount:$ 0</li>
2023-12-26T14:41:45.821Z [info] <a href="payment/658ae1c7297481fb7eabd1f6"><span>PAY-76000</a> Payment Updated By Meet Suthar</span><br>
          <li>Customer Name: Sandip Ganava</li> <li>Invoice Number: CC/2023-24/12/EXP/02</li>
          <li>Payment Amount:$ 410</li>
          <li>Due Amount:$ 0</li>
2023-12-26T14:41:52.415Z [info] <a href="payment/658ae1c7297481fb7eabd1f6"><span>PAY-7600</a> Payment Updated By Meet Suthar</span><br>
          <li>Customer Name: Sandip Ganava</li> <li>Invoice Number: CC/2023-24/12/EXP/02</li>
          <li>Payment Amount:$ 410</li>
          <li>Due Amount:$ 0</li>
2023-12-27T06:33:10.154Z [info] <a href="invoice/pdf/658bc5267b4542592e7de48a"><span>CC/2023-24/12/EXP/01</a> Invoice Created By Meet Suthar</span></a><br/><li>Invoice Amount: ₹ 300</li>
          <li>Invoice Due Date: 11-01-2024</li>
2023-12-27T06:34:05.825Z [info] <a href="invoice/pdf/658bc5267b4542592e7de48a"><span>CC/2023-24/12/EXP/01</a> Invoice Updated By Meet Suthar</span><br/>
          <li>Invoice Amount: $ 300</li>
          <li>Invoice Due Date: 11-01-2024</li>
2023-12-27T06:36:15.069Z [info] <a href="invoice/pdf/658bc5df7b4542592e7de593"><span>CC/2023-24/12/EXP/02</a> Invoice Created By Meet Suthar</span></a><br/><li>Invoice Amount: ₹ 10200</li>
          <li>Invoice Due Date: 11-01-2024</li>
2023-12-27T06:37:33.222Z [info] <a href="invoice/pdf/658bc62d7b4542592e7de62d"><span>CC/2023-24/12/D/01</a> Invoice Created By Meet Suthar</span></a><br/><li>Invoice Amount: ₹ 354</li>
          <li>Invoice Due Date: 11-01-2024</li>
2023-12-27T09:38:38.560Z [info] <a href="invoice/pdf/658bf09e5e145f32264fff42"><span>CC/2023-24/12/EXP/03</a> Invoice Created By Meet Suthar</span></a><br/><li>Invoice Amount: ₹ 1010</li>
          <li>Invoice Due Date: 11-01-2024</li>
2023-12-27T10:54:34.598Z [info] <a href="customer/65891f0d1547d961ca537c91"><span>John </a> Customer Created By Meet Suthar</span><br>
          <li>Customer Currency: ₹</li> <li>Customer Projects: Report</li>
2023-12-27T10:54:56.083Z [info] <a href="invoice/pdf/658c0280acd69f63dbd33441"><span>CC/2023-24/12/EXP/04</a> Invoice Created By Meet Suthar</span></a><br/><li>Invoice Amount: ₹ 650</li>
          <li>Invoice Due Date: 11-01-2024</li>
2023-12-27T11:50:20.135Z [info] <a href="payment/658c0f7c9c5f7d998ba72e8d"><span>PAY-0001</a> Payment Created By Meet Suthar</span><br>
          <li>Customer Name: CodeCrew Infotech</li> <li>Invoice Number: CC/2023-24/12/D/01</li>
          <li>Payment Amount:₹ 300</li>
          <li>Due Amount:₹ 54</li>
2023-12-27T11:51:00.409Z [info] <a href="payment/658c0fa42b05faf32b715e3a"><span>PAY-0002</a> Payment Created By Meet Suthar</span><br>
          <li>Customer Name: Sandip Ganava</li> <li>Invoice Number: CC/2023-24/12/EXP/01</li>
          <li>Payment Amount:$ 300</li>
          <li>Due Amount:$ 0</li>
2023-12-27T12:19:08.399Z [info] <a href="invoice/pdf/658c163c392f83069e198b28"><span>CC/2023-24/12/EXP/01</a> Invoice Created By Meet Suthar</span></a><br/><li>Invoice Amount: ₹ 550</li>
          <li>Invoice Due Date: 11-01-2024</li>
2023-12-27T12:19:41.902Z [info] <a href="invoice/pdf/658c165d392f83069e198b68"><span>CC/2023-24/12/D/01</a> Invoice Created By Meet Suthar</span></a><br/><li>Invoice Amount: ₹ 4133.54</li>
          <li>Invoice Due Date: 11-01-2024</li>
2023-12-27T12:20:15.521Z [info] <a href="invoice/pdf/658c167f392f83069e198ba7"><span>CC/2023-24/12/EXP/02</a> Invoice Created By Meet Suthar</span></a><br/><li>Invoice Amount: ₹ 30050</li>
          <li>Invoice Due Date: 11-01-2024</li>
2023-12-27T12:45:47.777Z [info] <a href="payment/658c1c7b9a3339d76d7b4832"><span>PAY-0001</a> Payment Created By Meet Suthar</span><br>
          <li>Customer Name: Sandip Ganava</li> <li>Invoice Number: CC/2023-24/12/EXP/01</li>
          <li>Payment Amount:$ 550</li>
          <li>Due Amount:$ 0</li>
2023-12-27T14:06:56.127Z [info] <a href="invoice/pdf/658c2f807a34bd4913891fc6"><span>CC/2023-24/12/D/02</a> Invoice Created By Meet Suthar</span></a><br/><li>Invoice Amount: ₹ 2950</li>
          <li>Invoice Due Date: 11-01-2024</li>
2023-12-29T04:58:30.971Z [info] <a href="payment/658e51f627b91347b3839067"><span>PAY-0002</a> Payment Created By Meet Suthar</span><br>
          <li>Customer Name: CodeCrew Infotech</li> <li>Invoice Number: CC/2023-24/12/D/01</li>
          <li>Payment Amount:₹ 500</li>
          <li>Due Amount:₹ 3633.54</li>
2023-12-29T08:09:09.933Z [info] <a href="payment/658e7ea53db8e1c35fab6d22"><span>PAY-0003</a> Payment Created By Meet Suthar</span><br>
          <li>Customer Name: Sandip Ganava</li> <li>Invoice Number: CC/2023-24/12/EXP/01</li>
          <li>Payment Amount:$ 500</li>
          <li>Due Amount:$ 50</li>
2023-12-29T08:09:33.187Z [info] <a href="payment/658e7ebd3db8e1c35fab6d9a"><span>PAY-0004</a> Payment Created By Meet Suthar</span><br>
          <li>Customer Name: Sandip Ganava</li> <li>Invoice Number: CC/2023-24/12/EXP/01</li>
          <li>Payment Amount:$ 50</li>
          <li>Due Amount:$ 0</li>
2023-12-29T08:47:57.056Z [info] <a href="customer/658e87bdba83f4c1890e19c2"><span>codecrew</a> Customer Created By Meet Suthar</span></a><br>
          <li>Customer Currency: ₹</li> <li>Customer Projects: EMS,AMS</li>
2023-12-29T08:49:59.146Z [info] <a href="settings"><span>Company Settings</a> Created By Meet Suthar</span>
2023-12-29T08:50:38.139Z [info] <a href="customer/658e87bdba83f4c1890e19c2"><span>codecrew</a> Customer Created By Meet Suthar</span><br>
          <li>Customer Currency: ₹</li> <li>Customer Projects: EMS,AMS</li>
2023-12-29T08:52:50.480Z [info] <a href="customer/658e87bdba83f4c1890e19c2"><span>codecrew</a> Customer Updated By Meet Suthar</span><br>
          <li>Customer Currency: ₹</li> <li>Customer Projects: EMS,AMS</li>
2023-12-29T08:58:28.218Z [info] <a href="invoice/pdf/658e8a3422e99f52bc91e058"><span>CC/2023-24/12/D/01</a> Invoice Created By Meet Suthar</span></a><br/><li>Invoice Amount: ₹ 10738</li>
          <li>Invoice Due Date: 13-01-2024</li>
2023-12-29T09:22:37.533Z [info] Invoice CC/2023-24/12/D/01 Send By Meet Suthar to CodeCrew Infotech</span>
2023-12-29T09:24:46.057Z [info] <a href=invoice/pdf/658e8a3422e99f52bc91e058>&nbsp;CC/2023-24/12/D/01 Invoice Send By Meet Suthar to CodeCrew Infotech</span>
2023-12-29T09:25:56.744Z [info] <a href=invoice/pdf/658e8a3422e99f52bc91e058>&nbsp;CC/2023-24/12/D/01</a> Invoice Send By Meet Suthar to CodeCrew Infotech</span>
2023-12-29T09:29:18.824Z [info] <a href=invoice/pdf/658e8a3422e99f52bc91e058>&nbsp;CC/2023-24/12/D/01</a> Invoice Send By Meet Suthar to CodeCrew Infotech</span>
2023-12-29T09:40:46.173Z [info] <a href=invoice/pdf/658e8a3422e99f52bc91e058>&nbsp;CC/2023-24/12/D/01</a> Invoice Send By Meet Suthar to CodeCrew Infotech</span>
2023-12-29T09:42:47.147Z [info] <a href="payment/658e9497310bc6ea1f40c1f5"><span>PAY-0001</a> Payment Created By Meet Suthar</span><br>
          <li>Customer Name: CodeCrew Infotech</li> <li>Invoice Number: CC/2023-24/12/D/01</li>
          <li>Payment Amount:₹ 10000</li>
          <li>Due Amount:₹ 738</li>
2023-12-29T09:50:53.272Z [info] <a href="payment/658e967d54dd4d1ab44cdcb8"><span>PAY-0002</a> Payment Created By Meet Suthar</span><br>
          <li>Customer Name: CodeCrew Infotech</li> <li>Invoice Number: CC/2023-24/12/D/01</li>
          <li>Payment Amount:₹ 738</li>
          <li>Due Amount:₹ 0</li>
2023-12-29T09:53:03.401Z [info] Payment PAY-0001 Deleted By Meet Suthar</span>
2023-12-29T09:54:35.372Z [info] Payment PAY-0002 Deleted By Meet Suthar</span>
2023-12-29T10:00:47.286Z [info] <a href="payment/658e98cf42ca0eebde2e91c0"><span>PAY-0003</a> Payment Created By Meet Suthar</span><br>
          <li>Customer Name: CodeCrew Infotech</li> <li>Invoice Number: CC/2023-24/12/D/01</li>
          <li>Payment Amount:₹ 20738</li>
          <li>Due Amount:₹ 0</li>
2023-12-29T10:07:54.840Z [info] <a href="invoice/pdf/658e9a7a61d10fe2eb74bffb"><span>CC/2023-24/12/D/01</a> Invoice Created By Meet Suthar</span></a><br/><li>Invoice Amount: ₹ 1180</li>
          <li>Invoice Due Date: 13-01-2024</li>
2023-12-29T10:08:13.895Z [info] <a href="payment/658e9a8d61d10fe2eb74c055"><span>PAY-0001</a> Payment Created By Meet Suthar</span><br>
          <li>Customer Name: CodeCrew Infotech</li> <li>Invoice Number: CC/2023-24/12/D/01</li>
          <li>Payment Amount:₹ 1000</li>
          <li>Due Amount:₹ 180</li>
2023-12-29T10:15:32.475Z [info] Payment PAY-0001 Deleted By Meet Suthar</span>
2023-12-29T10:16:19.176Z [info] <a href="payment/658e9c73d7fb0aa9a03c3fe7"><span>PAY-0002</a> Payment Created By Meet Suthar</span><br>
          <li>Customer Name: CodeCrew Infotech</li> <li>Invoice Number: CC/2023-24/12/D/01</li>
          <li>Payment Amount:₹ 1180</li>
          <li>Due Amount:₹ 0</li>
2023-12-29T10:16:26.439Z [info] Payment PAY-0002 Deleted By Meet Suthar</span>
2023-12-29T10:16:59.411Z [info] <a href="payment/658e9c9bf688027e3f1da766"><span>PAY-0003</a> Payment Created By Meet Suthar</span><br>
          <li>Customer Name: CodeCrew Infotech</li> <li>Invoice Number: CC/2023-24/12/D/01</li>
          <li>Payment Amount:₹ 1180</li>
          <li>Due Amount:₹ 0</li>
2023-12-29T10:17:06.265Z [info] Payment PAY-0003 Deleted By Meet Suthar</span>
2023-12-29T10:18:32.121Z [info] <a href="payment/658e9cf849cbe1b36f4184a8"><span>PAY-0004</a> Payment Created By Meet Suthar</span><br>
          <li>Customer Name: CodeCrew Infotech</li> <li>Invoice Number: CC/2023-24/12/D/01</li>
          <li>Payment Amount:₹ 1180</li>
          <li>Due Amount:₹ 0</li>
2023-12-29T10:18:46.959Z [info] Payment PAY-0004 Deleted By Meet Suthar</span><br><li>Payment Amount: 1180</li>
2023-12-29T10:22:30.952Z [info] <a href="payment/658e9de6e766381a275f8167"><span>PAY-0005</a> Payment Created By Meet Suthar</span><br>
          <li>Customer Name: CodeCrew Infotech</li> <li>Invoice Number: CC/2023-24/12/D/01</li>
          <li>Payment Amount:₹ 1180</li>
          <li>Due Amount:₹ 0</li>
2023-12-29T10:26:44.598Z [info] Payment PAY-0005 Deleted By Meet Suthar</span><br><li> ₹ Payment Amount: 1180</li>
2023-12-29T10:29:37.881Z [info] Invoice CC/2023-24/12/D/01 Deleted By Meet Suthar</span>
2023-12-29T10:29:37.886Z [info] Invoice Successfully Deleted By Meet Suthar (User Name: Meet Suthar)
2023-12-29T10:37:56.861Z [info] <a href="invoice/pdf/658ea1847187be4c5578ddee"><span>CC/2023-24/12/D/01</a> Invoice Created By Meet Suthar</span></a><br/><li>Invoice Amount: ₹ 590</li>
          <li>Invoice Due Date: 13-01-2024</li>
2023-12-29T10:39:45.206Z [info] Invoice CC/2023-24/12/D/01 Deleted By Meet Suthar</span>
2023-12-29T10:41:59.154Z [info] <a href="expenses/658ea27779ed7f7f0856959e"></a> Expense Created By Meet Suthar</span><br>
      <li>Expense Category: Christmas Celebration</li> <li>Expense Amount: ₹ 500</li>
2023-12-29T10:44:32.853Z [info] Expense  Deleted By Meet Suthar</span>
2023-12-29T10:44:40.823Z [info] Expense  Deleted By Meet Suthar</span>
2023-12-29T10:44:42.894Z [info] Expense  Deleted By Meet Suthar</span>
2023-12-29T10:44:44.922Z [info] Expense  Deleted By Meet Suthar</span>
2023-12-29T10:45:13.037Z [info] <a href="expenses/658ea3394cdd0e1e6efcd667">Expense</a> Created By Meet Suthar</span><br>
      <li>Expense Category: Company Trip</li> <li>Expense Amount: ₹ 500</li>
2023-12-29T10:46:42.457Z [info] <a href="expense/658ea3394cdd0e1e6efcd667"></a> Expense Updated By Meet Suthar</span><br>
      <li>Expense Category: Company Trip</li> <li>Expense Amount: ₹ 500</li>
2023-12-29T10:49:21.840Z [info] <a href="invoice/pdf/658ea4312db718a13b81a1ed"><span>CC/2023-24/12/D/01</a> Invoice Created By Meet Suthar</span></a><br/><li>Invoice Amount: ₹ 2950</li>
          <li>Invoice Due Date: 13-01-2024</li>
2023-12-29T10:49:31.692Z [info] <a href="payment/658ea43b2db718a13b81a252"><span>PAY-0006</a> Payment Created By Meet Suthar</span><br>
          <li>Customer Name: CodeCrew Infotech</li> <li>Invoice Number: CC/2023-24/12/D/01</li>
          <li>Payment Amount:₹ 2950</li>
          <li>Due Amount:₹ 0</li>
2023-12-29T10:50:31.449Z [info] <a href="expenses/658ea4772db718a13b81a2b3">Expense</a> Created By Meet Suthar</span><br>
      <li>Expense Category: Company Trip</li> <li>Expense Amount: ₹ 5000</li>
2023-12-29T10:51:41.868Z [info] Expense  Deleted By Meet Suthar</span>
2023-12-29T11:54:12.169Z [info] <a href="expenses/658eb36456c73ab0f7b609fd">Expense</a> Created By Meet Suthar</span><br>
      <li>Expense Category: Company Trip</li> <li>Expense Amount: ₹ 500</li>
2023-12-29T11:58:43.380Z [info] <a href="expense/658eb36456c73ab0f7b609fd">Expense</a> Updated By Meet Suthar</span><br>
      <li>Expense Category: Company Trip</li> <li>Expense Amount: ₹ 500</li>
2023-12-29T12:00:32.440Z [info] <a href="invoice/pdf/658eb4e03fc5ec09e196c76c"><span>CC/2023-24/12/D/02</a> Invoice Created By Meet Suthar</span></a><br/><li>Invoice Amount: ₹ 59000</li>
          <li>Invoice Due Date: 13-01-2024</li>
2023-12-29T12:00:45.809Z [info] <a href="payment/658eb4ed3fc5ec09e196c7c6"><span>PAY-0007</a> Payment Created By Meet Suthar</span><br>
          <li>Customer Name: CodeCrew Infotech</li> <li>Invoice Number: CC/2023-24/12/D/02</li>
          <li>Payment Amount:₹ 59000</li>
          <li>Due Amount:₹ 0</li>
2023-12-29T12:38:55.607Z [info] <a href="customer/658e87bdba83f4c1890e19c2"><span>codecrew</a> Customer Updated By Aman Shah</span><br>
          <li>Customer Currency: £</li> <li>Customer Projects: EMS,AMS</li>
2023-12-29T12:39:50.441Z [info] <a href="customer/658e87bdba83f4c1890e19c2"><span>codecrew</a> Customer Updated By Aman Shah</span><br>
          <li>Customer Currency: ₹</li> <li>Customer Projects: EMS,AMS</li>
2023-12-29T12:43:55.785Z [info] Payment PAY-0007 Deleted By Meet Suthar</span><br><li> Payment Amount: ₹ 59000</li>
2024-01-01T05:29:30.214Z [info] <a href="payment/65924dba4a778601fa68dbfa"><span>PAY-0007</a> Payment Created By Meet Suthar</span><br>
          <li>Customer Name: CodeCrew Infotech</li> <li>Invoice Number: CC/2023-24/12/D/02</li>
          <li>Payment Amount:₹ 50000</li>
          <li>Due Amount:₹ 9000</li>
2024-01-01T08:11:06.974Z [info] <a href="customer/6592739aba256c38fd6c11a5"><span>XYZ</a> Customer Created By Aman Shah</span></a><br>
          <li>Customer Currency: ₹</li> <li>Customer Projects: AMS,MV Power</li>
2024-01-01T08:12:14.493Z [info] <a href="invoice/pdf/659273deba256c38fd6c11ed"><span>CC/2023-24/1/D/01</a> Invoice Created By Aman Shah</span></a><br/><li>Invoice Amount: ₹ 7080</li>
          <li>Invoice Due Date: 16-01-2024</li>
2024-01-01T08:12:51.211Z [info] <a href="payment/65927403ba256c38fd6c126b"><span>PAY-0001</a> Payment Created By Aman Shah</span><br>
          <li>Customer Name: XYZ Infotech</li> <li>Invoice Number: CC/2023-24/1/D/01</li>
          <li>Payment Amount:₹ 7000</li>
          <li>Due Amount:₹ 80</li>
2024-01-01T08:13:55.876Z [info] <a href="expenses/65927443ba256c38fd6c12c8">Expense</a> Created By Aman Shah</span><br>
      <li>Expense Category: Company Trip</li> <li>Expense Amount: ₹ 5000</li>
2024-01-01T08:14:38.914Z [info] <a href=invoice/pdf/659273deba256c38fd6c11ed>&nbsp;CC/2023-24/1/D/01</a> Invoice Send By Aman Shah to XYZ Infotech</span>
2024-01-01T08:17:19.751Z [info] <a href="customer/6592750fba256c38fd6c1398"><span>John</a> Customer Created By Aman Shah</span></a><br>
          <li>Customer Currency: ₹</li> <li>Customer Projects: Billing System,Report</li>
2024-01-01T08:17:51.070Z [info] <a href="customer/6592739aba256c38fd6c11a5"><span>XYZ</a> Customer Updated By Aman Shah</span><br>
          <li>Customer Currency: ₹</li> <li>Customer Projects: Hygrade</li>
2024-01-01T08:18:25.192Z [info] <a href="customer/6592750fba256c38fd6c1398"><span>John</a> Customer Updated By Aman Shah</span><br>
          <li>Customer Currency: $</li> <li>Customer Projects: Billing System,Report</li>
2024-01-01T08:19:00.318Z [info] <a href="invoice/pdf/65927574ba256c38fd6c14c7"><span>CC/2023-24/1/EXP/01</a> Invoice Created By Aman Shah</span></a><br/><li>Invoice Amount: ₹ 520</li>
          <li>Invoice Due Date: 16-01-2024</li>
2024-01-01T08:20:26.196Z [info] <a href="payment/659275caba256c38fd6c1533"><span>PAY-0002</a> Payment Created By Aman Shah</span><br>
          <li>Customer Name: John </li> <li>Invoice Number: CC/2023-24/1/EXP/01</li>
          <li>Payment Amount:$ 510</li>
          <li>Due Amount:$ 10</li>
2024-01-01T08:21:27.508Z [info] <a href="payment/65927607ba256c38fd6c1591"><span>PAY-0003</a> Payment Created By Aman Shah</span><br>
          <li>Customer Name: John </li> <li>Invoice Number: CC/2023-24/1/EXP/01</li>
          <li>Payment Amount:$ 10</li>
          <li>Due Amount:$ 0</li>
2024-01-01T08:40:45.978Z [info] <a href="customer/65927a8d68a9f443b3fb06bd"><span>John</a> Customer Created By Meet Suthar</span></a><br>
          <li>Customer Currency: ₹</li> <li>Customer Projects: MV Power,Billing System,Report</li>
2024-01-01T08:50:31.293Z [info] <a href="invoice/pdf/65927cd768a9f443b3fb07bb"><span>CC/2023-24/1/D/01</a> Invoice Created By Meet Suthar</span></a><br/><li>Invoice Amount: ₹ 11800</li>
          <li>Invoice Due Date: 16-01-2024</li>
2024-01-01T08:59:45.429Z [info] <a href="invoice/pdf/65927cd768a9f443b3fb07bb"><span>CC/2023-24/1/D/01</a> Invoice Updated By Meet Suthar</span><br/>
          <li>Invoice Amount: ₹ 13924</li>
          <li>Invoice Due Date: 16-01-2024</li>
2024-01-01T09:16:08.796Z [info] <a href="payment/659282d868a9f443b3fb09ba"><span>PAY-0001</a> Payment Created By Meet Suthar</span><br>
          <li>Customer Name: John </li> <li>Invoice Number: CC/2023-24/1/D/01</li>
          <li>Payment Amount:₹ 13000</li>
          <li>Due Amount:₹ 924</li>
2024-01-01T09:20:19.067Z [info] <a href="payment/659283d368a9f443b3fb0a34"><span>PAY-0002</a> Payment Created By Meet Suthar</span><br>
          <li>Customer Name: John </li> <li>Invoice Number: CC/2023-24/1/D/01</li>
          <li>Payment Amount:₹ 924</li>
          <li>Due Amount:₹ 0</li>
2024-01-01T09:22:14.578Z [info] Payment PAY-0002 Deleted By Meet Suthar</span><br><li> Payment Amount: ₹ 924</li>
2024-01-01T09:42:26.779Z [info] <a href="expenses/6592890268a9f443b3fb0b79">Expense</a> Created By Meet Suthar</span><br>
      <li>Expense Category: Office Rent</li> <li>Expense Amount: ₹ 10000</li>
2024-01-01T09:58:33.153Z [info] <a href="settings"><span>Company Settings</a> Updated By Meet Suthar</span>
2024-01-01T10:33:42.029Z [info] <a href="payment/6592950568a9f443b3fb1111"><span>PAY-0003</a> Payment Created By Aman Shah</span><br>
          <li>Customer Name: John </li> <li>Invoice Number: CC/2023-24/1/D/01</li>
          <li>Payment Amount:₹ 924</li>
          <li>Due Amount:₹ 0</li>
2024-01-01T10:35:11.260Z [info] <a href="invoice/pdf/6592955f68a9f443b3fb11a4"><span>CC/2023-24/1/D/02</a> Invoice Created By Aman Shah</span></a><br/><li>Invoice Amount: ₹ 17700</li>
          <li>Invoice Due Date: 16-01-2024</li>
2024-01-01T10:42:03.892Z [info] <a href="payment/659296fb68a9f443b3fb1338"><span>PAY-0004</a> Payment Created By Aman Shah</span><br>
          <li>Customer Name: John </li> <li>Invoice Number: CC/2023-24/1/D/02</li>
          <li>Payment Amount:₹ 1000</li>
          <li>Due Amount:₹ 16700</li>
2024-01-01T13:45:16.128Z [info] <a href="invoice/pdf/6592c1ecfd90cba26a5b38f4"><span>CC/2023-24/1/D/03</a> Invoice Created By Meet Suthar</span></a><br/><li>Invoice Amount: ₹ 295</li>
          <li>Invoice Due Date: 16-01-2024</li>
2024-01-01T13:54:30.819Z [info] <a href="settings"><span>Company Settings</a> Updated By Meet Suthar</span>
2024-01-01T14:02:35.002Z [info] Customer John Deleted By Meet Suthar</span>
2024-01-01T14:05:01.652Z [info] <a href="customer/6592c68d94b47e308edbf5d8"><span>John </a> Customer Created By Meet Suthar</span></a><br>
          <li>Customer Currency: ₹</li> <li>Customer Projects: EMS,AMS,MV Power,Hygrade,Billing System,Report</li>
2024-01-01T14:13:04.634Z [info] <a href="invoice/pdf/6592c87094b47e308edbf70b"><span>CC/2023-24/1/D/04</a> Invoice Created By Aman Shah</span></a><br/><li>Invoice Amount: ₹ 1250</li>
          <li>Invoice Due Date: 27-12-2023</li>
2024-01-01T14:13:24.827Z [info] <a href="invoice/pdf/6592c87094b47e308edbf70b"><span>CC/2023-24/1/D/04</a> Invoice Updated By Aman Shah</span><br/>
          <li>Invoice Amount: ₹ 1250</li>
          <li>Invoice Due Date: 02-01-2024</li>
2024-01-01T14:27:25.318Z [info] <a href="payment/6592cbcd4a0dabe97a6b836c"><span>PAY-0005</a> Payment Created By Meet Suthar</span><br>
          <li>Customer Name: John </li> <li>Invoice Number: CC/2023-24/1/D/03</li>
          <li>Payment Amount:₹ 295</li>
          <li>Due Amount:₹ 0</li>
2024-01-01T14:37:47.534Z [info] <a href="invoice/pdf/6592c1ecfd90cba26a5b38f4"><span>CC/2023-24/1/D/03</a> Invoice Updated By Meet Suthar</span><br/>
          <li>Invoice Amount: ₹ 295</li>
          <li>Invoice Due Date: 31-12-2023</li>
2024-01-02T10:22:18.485Z [info] <a href="invoice/pdf/6592955f68a9f443b3fb11a4"><span>CC/2023-24/1/D/02</a> Invoice Updated By Meet Suthar</span><br/>
          <li>Invoice Amount: ₹ 15000</li>
          <li>Invoice Due Date: 16-01-2024</li>
2024-01-02T10:51:09.851Z [info] <a href="customer/6592c68d94b47e308edbf5d8"><span>John </a> Customer Updated By Meet Suthar</span><br>
          <li>Customer Currency: ₹</li> <li>Customer Projects: EMS,AMS,MV Power,Hygrade,Billing System,Report</li>
2024-01-02T10:51:29.562Z [info] <a href="invoice/pdf/6593eab1380d5334e63ffb3c"><span>CC/2023-24/1/D/04</a> Invoice Created By Meet Suthar</span></a><br/><li>Invoice Amount: ₹ 590</li>
          <li>Invoice Due Date: 17-01-2024</li>
2024-01-02T10:51:57.969Z [info] <a href="invoice/pdf/6593eab1380d5334e63ffb3c"><span>CC/2023-24/1/D/04</a> Invoice Updated By Meet Suthar</span><br/>
          <li>Invoice Amount: ₹ 590</li>
          <li>Invoice Due Date: 17-01-2024</li>
2024-01-03T07:10:55.332Z [info] <a href="expenses/6595087f30703d60e7652117">Expense</a> Created By Meet Suthar</span><br>
      <li>Expense Category: Tea</li> <li>Expense Amount: ₹ 3000</li>
2024-01-03T07:13:05.645Z [info] <a href="expenses/65950901644065ee06d4dce6">Expense</a> Created By Meet Suthar</span><br>
      <li>Expense Category: Tea</li> <li>Expense Amount: ₹ 3000</li>
2024-01-03T07:13:49.056Z [info] Expense  Deleted By Meet Suthar</span>
2024-01-03T07:13:53.273Z [info] <a href="expenses/6595093143ab2952b1eed937">Expense</a> Created By Meet Suthar</span><br>
      <li>Expense Category: Tea</li> <li>Expense Amount: ₹ 3000</li>
2024-01-03T08:55:03.967Z [info] <a href="settings"><span>Company Settings</a> Updated By Meet Suthar</span>
2024-01-03T08:57:37.752Z [info] <a href="settings"><span>Company Settings</a> Updated By Meet Suthar</span>
2024-01-03T09:07:48.130Z [info] <a href="settings"><span>Company Settings</a> Updated By Meet Suthar</span>
2024-01-03T09:09:01.079Z [info] <a href="settings"><span>Company Settings</a> Updated By Meet Suthar</span>
2024-01-03T09:09:24.044Z [info] <a href="settings"><span>Company Settings</a> Updated By Meet Suthar</span>
2024-01-03T09:16:11.211Z [info] <a href="settings"><span>Company Settings</a> Updated By Meet Suthar</span>
2024-01-03T09:20:28.243Z [info] <a href="settings"><span>Company Settings</a> Updated By Meet Suthar</span>
2024-01-03T09:31:12.821Z [info] <a href="settings"><span>Company Settings</a> Updated By Meet Suthar</span>
2024-01-03T09:32:54.677Z [info] <a href="settings"><span>Company Settings</a> Updated By Meet Suthar</span>
2024-01-03T09:41:58.928Z [info] <a href="expenses/65952be6197259e2184435fc">Expense</a> Created By Meet Suthar</span><br>
      <li>Expense Category: Tea</li> <li>Expense Amount: ₹ 3000</li>
2024-01-03T10:48:39.182Z [info] <a href="expense/65952be6197259e2184435fc">Expense</a> Updated By Meet Suthar</span><br>
      <li>Expense Category: Tea</li> <li>Expense Amount: ₹ 3000</li>
2024-01-03T10:48:44.874Z [info] Expense  Deleted By Meet Suthar</span>
2024-01-03T10:48:48.478Z [info] <a href="expense/6595093143ab2952b1eed937">Expense</a> Updated By Meet Suthar</span><br>
      <li>Expense Category: Tea</li> <li>Expense Amount: ₹ 3000</li>
2024-01-03T10:58:43.686Z [info] <a href="invoice/pdf/65953de324417d8b2285bf80"><span>CC/2023-24/1/D/05</a> Invoice Created By Meet Suthar</span></a><br/><li>Invoice Amount: ₹ 590000</li>
          <li>Invoice Due Date: 18-01-2024</li>
2024-01-03T10:59:11.196Z [info] <a href="invoice/pdf/65953de324417d8b2285bf80"><span>CC/2023-24/1/D/05</a> Invoice Updated By Meet Suthar</span><br/>
          <li>Invoice Amount: ₹ 5900</li>
          <li>Invoice Due Date: 18-01-2024</li>
2024-01-03T11:05:29.846Z [info] Expense  Deleted By Meet Suthar</span>
2024-01-03T14:14:03.279Z [info] <a href="expenses/65956bab2e6c197f47fcc50e">Expense</a> Created By Meet Suthar</span><br>
      <li>Expense Category: Tea</li> <li>Expense Amount: ₹ 3000</li>
2024-01-03T14:16:03.050Z [info] <a href="invoice/pdf/65956c232e6c197f47fcc577"><span>CC/2023-24/1/D/06</a> Invoice Created By Meet Suthar</span></a><br/><li>Invoice Amount: ₹ 5900</li>
          <li>Invoice Due Date: 18-01-2024</li>
2024-01-03T14:19:10.698Z [info] <a href="expenses/65956cde3800333371eb923b">Expense</a> Created By Meet Suthar</span><br>
      <li>Expense Category: Company Trip</li> <li>Expense Amount: ₹ 50000</li>
2024-01-03T14:19:45.143Z [info] <a href="payment/65956d013800333371eb9284"><span>PAY-0006</a> Payment Created By Meet Suthar</span><br>
          <li>Customer Name: John </li> <li>Invoice Number: CC/2023-24/1/D/02</li>
          <li>Payment Amount:₹ 14000</li>
          <li>Due Amount:₹ 0</li>
2024-01-04T06:22:32.424Z [info] <a href="invoice/pdf/65964ea817656924ea498986"><span>CC/2023-24/1/D/07</a> Invoice Created By Meet Suthar</span></a><br/><li>Invoice Amount: ₹ 590000</li>
          <li>Invoice Due Date: 19-01-2024</li>
2024-01-04T06:41:51.844Z [info] <a href="customer/6596532f17656924ea498bc2"><span></a> Customer Created By Meet Suthar</span></a><br>
          <li>Customer Currency: $</li> <li>Customer Projects: Hygrade,Billing System</li>
2024-01-04T06:43:19.632Z [info] <a href="customer/6596532f17656924ea498bc2"><span>Sandip Ganava</a> Customer Updated By Meet Suthar</span><br>
          <li>Customer Currency: $</li> <li>Customer Projects: Hygrade,Billing System</li>
2024-01-04T06:44:09.509Z [info] <a href="invoice/pdf/659653b917656924ea498d4b"><span>CC/2023-24/1/EXP/01</a> Invoice Created By Meet Suthar</span></a><br/><li>Invoice Amount: ₹ 5050</li>
          <li>Invoice Due Date: 19-01-2024</li>
2024-01-04T07:25:13.093Z [info] <a href="payment/65965d59cb017d38c5f779a2"><span>PAY-0007</a> Payment Created By Meet Suthar</span><br>
          <li>Customer Name: Sandip Ganava</li> <li>Invoice Number: CC/2023-24/1/EXP/01</li>
          <li>Payment Amount:$ 5000</li>
          <li>Due Amount:$ 50</li>
2024-01-04T08:52:56.755Z [info] <a href="payment/65965d59cb017d38c5f779a2"><span>PAY-0007</a> Payment Updated By Meet Suthar</span><br>
          <li>Customer Name: Sandip Ganava</li> <li>Invoice Number: CC/2023-24/1/EXP/01</li>
          <li>Payment Amount:$ 5000</li>
          <li>Due Amount:$ 0</li>
2024-01-04T08:56:07.519Z [info] <a href="payment/65965d59cb017d38c5f779a2"><span>PAY-0007</a> Payment Updated By Meet Suthar</span><br>
          <li>Customer Name: Sandip Ganava</li> <li>Invoice Number: CC/2023-24/1/EXP/01</li>
          <li>Payment Amount:$ 4999</li>
          <li>Due Amount:$ 0</li>
2024-01-04T08:59:17.456Z [info] <a href="payment/65965d59cb017d38c5f779a2"><span>PAY-0007</a> Payment Updated By Meet Suthar</span><br>
          <li>Customer Name: Sandip Ganava</li> <li>Invoice Number: CC/2023-24/1/EXP/01</li>
          <li>Payment Amount:$ 4999</li>
          <li>Due Amount:$ 51</li>
2024-01-04T09:01:50.669Z [info] <a href="payment/65965d59cb017d38c5f779a2"><span>PAY-0007</a> Payment Updated By Meet Suthar</span><br>
          <li>Customer Name: Sandip Ganava</li> <li>Invoice Number: CC/2023-24/1/EXP/01</li>
          <li>Payment Amount:$ 5000</li>
          <li>Due Amount:$ 50</li>
2024-01-04T11:16:52.815Z [info] <a href="customer/659693a46cc9d7f7253ddc7d"><span>aman shah</a> Customer Created By Meet Suthar</span></a><br>
          <li>Customer Currency: ₹</li> <li>Customer Projects: MV Power,Hygrade</li>
2024-01-04T11:19:35.917Z [info] <a href="customer/6596944705bacbd6a0a4215a"><span>john</a> Customer Created By Meet Suthar</span></a><br>
          <li>Customer Currency: ₹</li> <li>Customer Projects: </li>
2024-01-04T11:23:09.783Z [info] <a href="customer/6596951d91666541f1e54386"><span>aman shah</a> Customer Created By Meet Suthar</span></a><br>
          <li>Customer Currency: ₹</li> <li>Customer Projects: AMS,MV Power,Hygrade,Billing System</li>
2024-01-04T11:23:38.583Z [info] <a href="customer/6596951d91666541f1e54386"><span>aman shah</a> Customer Updated By Meet Suthar</span><br>
          <li>Customer Currency: ₹</li> <li>Customer Projects: AMS,MV Power,Hygrade</li>
2024-01-04T11:36:00.033Z [info] <a href="customer/6596951d91666541f1e54386"><span>aman shah</a> Customer Updated By Meet Suthar</span><br>
          <li>Customer Currency: ₹</li> <li>Customer Projects: AMS,MV Power,Hygrade</li>
2024-01-04T11:37:44.102Z [info] <a href="customer/6596988875a3bc712cae448f"><span>CodeCrew Infotech</a> Customer Created By Meet Suthar</span></a><br>
          <li>Customer Currency: $</li> <li>Customer Projects: Billing System</li>
2024-01-04T11:38:05.616Z [info] <a href="customer/6596988875a3bc712cae448f"><span>CodeCrew Infotech</a> Customer Updated By Meet Suthar</span><br>
          <li>Customer Currency: $</li> <li>Customer Projects: EMS,Billing System</li>
2024-01-04T11:38:16.126Z [info] Customer CodeCrew Infotech Deleted By Meet Suthar</span>
2024-01-04T12:01:02.883Z [info] Customer aman shah Deleted By Meet Suthar</span>
2024-01-04T12:01:06.199Z [info] Customer john Deleted By Meet Suthar</span>
2024-01-04T12:02:40.013Z [info] Customer aman shah Deleted By Meet Suthar</span>
2024-01-04T13:42:57.087Z [info] <a href="expenses/6596b5e14b211b071a945438">Expense</a> Created By Meet Suthar</span><br>
      <li>Expense Category: Employee salary</li> <li>Expense Amount: ₹ 27000</li>
2024-01-04T14:06:32.823Z [info] <a href="expenses/6596bb68163749be78a385f1">Expense</a> Created By Meet Suthar</span><br>
      <li>Expense Category: Company Trip</li> <li>Expense Amount: ₹ 5685412</li>
2024-01-04T14:22:44.009Z [info] <a href="payment/65965d59cb017d38c5f779a2"><span>PAY-0007</a> Payment Updated By Meet Suthar</span><br>
          <li>Customer Name: Sandip Ganava</li> <li>Invoice Number: CC/2023-24/1/EXP/01</li>
          <li>Payment Amount:$ 5050</li>
          <li>Due Amount:$ 0</li>
2024-01-04T14:26:03.592Z [info] <a href="payment/65965d59cb017d38c5f779a2"><span>PAY-0007</a> Payment Updated By Meet Suthar</span><br>
          <li>Customer Name: Sandip Ganava</li> <li>Invoice Number: CC/2023-24/1/EXP/01</li>
          <li>Payment Amount:$ 5050</li>
          <li>Due Amount:$ 0</li>
2024-01-05T05:12:43.295Z [info] <a href="invoice/pdf/65956c232e6c197f47fcc577"><span>CC/2023-24/1/D/06</a> Invoice Updated By Meet Suthar</span><br/>
          <li>Invoice Amount: ₹ 5900</li>
          <li>Invoice Due Date: 04-01-2024</li>
2024-01-05T05:13:49.930Z [info] <a href=invoice/pdf/65956c232e6c197f47fcc577>&nbsp;CC/2023-24/1/D/06</a> Invoice Send By Meet Suthar to John </span>
2024-01-05T05:15:18.434Z [info] <a href="settings"><span>Company Settings</a> Updated By Meet Suthar</span>
2024-01-05T06:34:55.534Z [info] <a href="expenses/6597a30fc350953c66b263e2">Expense</a> Created By Meet Suthar</span><br>
      <li>Expense Category: Christmas Celebration</li> <li>Expense Amount: ₹ 5000</li>
2024-01-05T06:35:47.763Z [info] <a href="expense/6597a30fc350953c66b263e2">Expense</a> Updated By Meet Suthar</span><br>
      <li>Expense Category: Christmas Celebration</li> <li>Expense Amount: ₹ 5000</li>
2024-01-05T06:36:37.460Z [info] <a href="expense/6597a30fc350953c66b263e2">Expense</a> Updated By Meet Suthar</span><br>
      <li>Expense Category: Christmas Celebration</li> <li>Expense Amount: ₹ 5000</li>
2024-01-05T06:37:44.468Z [info] <a href="expense/6596bb68163749be78a385f1">Expense</a> Updated By Meet Suthar</span><br>
      <li>Expense Category: Company Trip</li> <li>Expense Amount: ₹ 5685412</li>
2024-01-05T06:37:50.872Z [info] <a href="expense/65956cde3800333371eb923b">Expense</a> Updated By Meet Suthar</span><br>
      <li>Expense Category: Company Trip</li> <li>Expense Amount: ₹ 50000</li>
2024-01-05T08:29:42.306Z [info] <a href="invoice/pdf/6597bdf6de2069ee21625394"><span>CC/2023-24/1/D/08</a> Invoice Created By Meet Suthar</span></a><br/><li>Invoice Amount: ₹ 1180000</li>
          <li>Invoice Due Date: 20-01-2024</li>
2024-01-05T09:39:11.489Z [info] <a href="customer/6596532f17656924ea498bc2"><span>Sandip Ganava</a> Customer Updated By Meet Suthar</span><br>
          <li>Customer Currency: $</li> <li>Customer Projects: MV Power,Hygrade,Billing System,Report</li>
2024-01-05T09:43:09.835Z [info] <a href="invoice/pdf/6597cf2d093d8ab1bca7a95d"><span>CC/2023-24/1/EXP/02</a> Invoice Created By Meet Suthar</span></a><br/><li>Invoice Amount: ₹ 45500</li>
          <li>Invoice Due Date: 20-01-2024</li>
2024-01-05T09:44:14.378Z [info] <a href=invoice/pdf/6597cf2d093d8ab1bca7a95d>&nbsp;CC/2023-24/1/EXP/02</a> Invoice Send By Meet Suthar to Sandip Ganava</span>
2024-01-05T09:50:09.845Z [info] <a href=invoice/pdf/6597cf2d093d8ab1bca7a95d>&nbsp;CC/2023-24/1/EXP/02</a> Invoice Send By Meet Suthar to Sandip Ganava</span>
2024-01-05T10:00:32.022Z [info] <a href="invoice/pdf/6597cf2d093d8ab1bca7a95d"><span>CC/2023-24/1/EXP/02</a> Invoice Updated By Meet Suthar</span><br/>
          <li>Invoice Amount: $ 45045</li>
          <li>Invoice Due Date: 20-01-2024</li>
2024-01-05T10:41:46.483Z [info] <a href="invoice/pdf/6597dcea41e7a9f9525135d1"><span>CC/2023-24/1/D/09</a> Invoice Created By Aman Shah</span></a><br/><li>Invoice Amount: ₹ 590</li>
          <li>Invoice Due Date: 20-01-2024</li>
2024-01-05T10:44:13.888Z [info] <a href="customer/6592c68d94b47e308edbf5d8"><span>John </a> Customer Updated By Aman Shah</span><br>
          <li>Customer Currency: ₹</li> <li>Customer Projects: EMS,AMS,MV Power,Hygrade,Billing System,Report</li>
2024-01-05T10:44:48.783Z [info] Invoice CC/2023-24/1/D/09 Deleted By Aman Shah</span>
2024-01-05T10:45:13.987Z [info] <a href="invoice/pdf/6597ddb941e7a9f9525137dc"><span>CC/2023-24/1/D/09</a> Invoice Created By Aman Shah</span></a><br/><li>Invoice Amount: ₹ 5900</li>
          <li>Invoice Due Date: 20-01-2024</li>
2024-01-05T10:47:01.899Z [info] <a href="invoice/pdf/6597ddb941e7a9f9525137dc"><span>CC/2023-24/1/D/09</a> Invoice Updated By Aman Shah</span><br/>
          <li>Invoice Amount: ₹ 12454.9</li>
          <li>Invoice Due Date: 20-01-2024</li>
2024-01-05T10:54:16.016Z [info] <a href="settings"><span>Company Settings</a> Updated By Aman Shah</span>
2024-01-05T10:54:34.844Z [info] <a href="settings"><span>Company Settings</a> Updated By Aman Shah</span>
2024-01-05T11:13:39.943Z [info] <a href="invoice/pdf/6597ddb941e7a9f9525137dc"><span>CC/2023-24/1/D/09</a> Invoice Updated By Aman Shah</span><br/>
          <li>Invoice Amount: ₹ 12454.9</li>
          <li>Invoice Due Date: 20-01-2024</li>
2024-01-05T11:14:34.575Z [info] <a href="invoice/pdf/65964ea817656924ea498986"><span>CC/2023-24/1/D/07</a> Invoice Updated By Aman Shah</span><br/>
          <li>Invoice Amount: ₹ 590000</li>
          <li>Invoice Due Date: 19-01-2024</li>
2024-01-05T11:14:48.682Z [info] <a href="invoice/pdf/65964ea817656924ea498986"><span>CC/2023-24/1/D/07</a> Invoice Updated By Aman Shah</span><br/>
          <li>Invoice Amount: ₹ 1180000</li>
          <li>Invoice Due Date: 19-01-2024</li>
2024-01-05T11:24:42.846Z [info] <a href="payment/6597e6fa41e7a9f952513fc0"><span>PAY-0008</a> Payment Created By Aman Shah</span><br>
          <li>Customer Name: Sandip Ganava</li> <li>Invoice Number: CC/2023-24/1/EXP/02</li>
          <li>Payment Amount:$ 45000</li>
          <li>Due Amount:$ 45</li>
2024-01-05T11:25:41.528Z [info] <a href="payment/6597e6fa41e7a9f952513fc0"><span>PAY-0008</a> Payment Updated By Aman Shah</span><br>
          <li>Customer Name: Sandip Ganava</li> <li>Invoice Number: CC/2023-24/1/EXP/02</li>
          <li>Payment Amount:$ 45000</li>
          <li>Due Amount:$ 45</li>
2024-01-05T11:26:01.819Z [info] <a href="payment/6597e6fa41e7a9f952513fc0"><span>PAY-0008</a> Payment Updated By Aman Shah</span><br>
          <li>Customer Name: Sandip Ganava</li> <li>Invoice Number: CC/2023-24/1/EXP/02</li>
          <li>Payment Amount:$ 45000</li>
          <li>Due Amount:$ 0</li>
2024-01-05T11:27:56.527Z [info] Payment PAY-0008 Deleted By Aman Shah</span><br><li> Payment Amount: $ 45000</li>
2024-01-05T11:39:41.168Z [info] <a href="payment/6597ea7d41e7a9f9525143f5"><span>PAY-0009</a> Payment Created By Aman Shah</span><br>
          <li>Customer Name: Sandip Ganava</li> <li>Invoice Number: CC/2023-24/1/EXP/02</li>
          <li>Payment Amount:$ 45000</li>
          <li>Due Amount:$ 0</li>
2024-01-05T11:42:20.308Z [info] <a href="payment/6597ea7d41e7a9f9525143f5"><span>PAY-0009</a> Payment Updated By Aman Shah</span><br>
          <li>Customer Name: Sandip Ganava</li> <li>Invoice Number: CC/2023-24/1/EXP/02</li>
          <li>Payment Amount:$ 450000</li>
          <li>Due Amount:$ 0</li>
2024-01-05T11:49:51.920Z [info] <a href="expenses/6597ecdf41e7a9f95251451a">Expense</a> Created By Aman Shah</span><br>
      <li>Expense Category: Company Trip</li> <li>Expense Amount: ₹ 500000</li>
2024-01-05T13:31:08.242Z [info] Expense  Deleted By Aman Shah</span>
2024-01-05T13:42:30.680Z [info] <a href="payment/65980746efb59d0d6c910c09"><span>PAY-0010</a> Payment Created By Aman Shah</span><br>
          <li>Customer Name: John </li> <li>Invoice Number: CC/2023-24/1/D/04</li>
          <li>Payment Amount:₹ 500</li>
          <li>Due Amount:₹ 90</li>
2024-01-08T06:16:23.509Z [info] <a href="invoice/pdf/6597cf2d093d8ab1bca7a95d"><span>CC/2023-24/1/EXP/02</a> Invoice Updated By Meet Suthar</span><br/>
          <li>Invoice Amount: $ 45045</li>
          <li>Invoice Due Date: 07-01-2024</li>
2024-01-08T06:16:56.207Z [info] <a href="invoice/pdf/6597cf2d093d8ab1bca7a95d"><span>CC/2023-24/1/EXP/02</a> Invoice Updated By Meet Suthar</span><br/>
          <li>Invoice Amount: $ 45045</li>
          <li>Invoice Due Date: 07-01-2024</li>
2024-01-08T06:17:09.828Z [info] <a href="invoice/pdf/6597cf2d093d8ab1bca7a95d"><span>CC/2023-24/1/EXP/02</a> Invoice Updated By Meet Suthar</span><br/>
          <li>Invoice Amount: $ 45045</li>
          <li>Invoice Due Date: 20-01-2024</li>
2024-01-08T06:26:50.958Z [info] <a href="customer/659b95aae763091fd9646550"><span>John Doe</a> Customer Created By Meet Suthar</span></a><br>
          <li>Customer Currency: $</li> <li>Customer Projects: </li>
2024-01-08T06:28:47.009Z [info] <a href="customer/659b95aae763091fd9646550"><span>John Doe</a> Customer Updated By Meet Suthar</span><br>
          <li>Customer Currency: $</li> <li>Customer Projects: EMS,AMS</li>
2024-01-08T06:29:00.049Z [info] <a href="customer/659b95aae763091fd9646550"><span>John Doe</a> Customer Updated By Meet Suthar</span><br>
          <li>Customer Currency: $</li> <li>Customer Projects: EMS</li>
2024-01-08T06:31:02.946Z [info] <a href="customer/659b96a6e763091fd96465d9"><span>Jane Smith</a> Customer Created By Meet Suthar</span></a><br>
          <li>Customer Currency: $</li> <li>Customer Projects: Report</li>
2024-01-08T06:36:51.405Z [info] <a href="customer/659b9803e763091fd964660b"><span>Amit Patel</a> Customer Created By Meet Suthar</span></a><br>
          <li>Customer Currency: ₹</li> <li>Customer Projects: AMS</li>
2024-01-08T06:38:18.530Z [info] <a href="customer/659b985ae763091fd964662b"><span>Priya Sharma</a> Customer Created By Meet Suthar</span></a><br>
          <li>Customer Currency: ₹</li> <li>Customer Projects: MV Power</li>
2024-01-08T06:39:28.278Z [info] <a href="customer/659b98a0e763091fd964664b"><span>Rahul Kapoor</a> Customer Created By Meet Suthar</span></a><br>
          <li>Customer Currency: ₹</li> <li>Customer Projects: Hygrade</li>
2024-01-08T06:42:37.876Z [info] <a href="customer/659b995de763091fd964666b"><span>Bob Johnson</a> Customer Created By Meet Suthar</span></a><br>
          <li>Customer Currency: €</li> <li>Customer Projects: Billing System</li>
2024-01-08T06:44:59.041Z [info] <a href="invoice/pdf/659b99ebe763091fd96466eb"><span>CC/2023-24/1/EXP/01</a> Invoice Created By Meet Suthar</span></a><br/><li>Invoice Amount: ₹ 9300</li>
          <li>Invoice Due Date: 23-01-2024</li>
2024-01-08T06:45:37.481Z [info] <a href="invoice/pdf/659b9a11e763091fd964672b"><span>CC/2023-24/1/D/01</a> Invoice Created By Meet Suthar</span></a><br/><li>Invoice Amount: ₹ 38350</li>
          <li>Invoice Due Date: 23-01-2024</li>
2024-01-08T06:47:26.313Z [info] <a href="invoice/pdf/659b9a7ee763091fd9646796"><span>CC/2023-24/1/D/02</a> Invoice Created By Meet Suthar</span></a><br/><li>Invoice Amount: ₹ 29500</li>
          <li>Invoice Due Date: 23-01-2024</li>
2024-01-08T06:48:01.122Z [info] <a href="invoice/pdf/659b9aa1e763091fd96467d7"><span>CC/2023-24/1/EXP/02</a> Invoice Created By Meet Suthar</span></a><br/><li>Invoice Amount: ₹ 6500</li>
          <li>Invoice Due Date: 23-01-2024</li>
2024-01-08T06:49:06.723Z [info] <a href="invoice/pdf/659b9ae2e763091fd9646824"><span>CC/2023-24/1/D/03</a> Invoice Created By Meet Suthar</span></a><br/><li>Invoice Amount: ₹ 548700</li>
          <li>Invoice Due Date: 23-01-2024</li>
2024-01-08T06:51:21.476Z [info] <a href="payment/659b9b69e763091fd964693c"><span>PAY-0001</a> Payment Created By Meet Suthar</span><br>
          <li>Customer Name: Priya Sharma</li> <li>Invoice Number: CC/2023-24/1/D/03</li>
          <li>Payment Amount:₹ 54900</li>
          <li>Due Amount:₹ 493800</li>
2024-01-08T06:56:54.321Z [info] <a href="payment/659b9b69e763091fd964693c"><span>PAY-0001</a> Payment Updated By Meet Suthar</span><br>
          <li>Customer Name: Priya Sharma</li> <li>Invoice Number: CC/2023-24/1/D/03</li>
          <li>Payment Amount:₹ 549000</li>
          <li>Due Amount:₹ 0</li>
2024-01-08T07:03:30.710Z [info] <a href="payment/659b9b69e763091fd964693c"><span>PAY-0001</a> Payment Updated By Meet Suthar</span><br>
          <li>Customer Name: Priya Sharma</li> <li>Invoice Number: CC/2023-24/1/D/03</li>
          <li>Payment Amount:₹ 549000</li>
          <li>Due Amount:₹ 0</li>
2024-01-08T07:05:23.912Z [info] <a href="invoice/pdf/659b99ebe763091fd96466eb"><span>CC/2023-24/1/EXP/01</a> Invoice Updated By Meet Suthar</span><br/>
          <li>Invoice Amount: € 9300</li>
          <li>Invoice Due Date: 07-01-2024</li>
2024-01-08T07:17:30.544Z [info] <a href="payment/659ba18a00911a83e9cd4566"><span>PAY-0002</a> Payment Created By Meet Suthar</span><br>
          <li>Customer Name: Bob Johnson</li> <li>Invoice Number: CC/2023-24/1/EXP/01</li>
          <li>Payment Amount:€ 9300</li>
          <li>Due Amount:€ 0</li>
2024-01-08T07:18:11.288Z [info] <a href="payment/659ba18a00911a83e9cd4566"><span>PAY-0002</a> Payment Updated By Meet Suthar</span><br>
          <li>Customer Name: Bob Johnson</li> <li>Invoice Number: CC/2023-24/1/EXP/01</li>
          <li>Payment Amount:€ 9000</li>
          <li>Due Amount:€ 300</li>
2024-01-08T07:18:46.546Z [info] <a href="expenses/659ba1d600911a83e9cd4675">Expense</a> Created By Meet Suthar</span><br>
      <li>Expense Category: Employee salary</li> <li>Expense Amount: ₹ 136235</li>
2024-01-08T07:22:30.159Z [info] <a href="payment/659ba2b61a10069010b216ff"><span>PAY-0003</a> Payment Created By Meet Suthar</span><br>
          <li>Customer Name: Bob Johnson</li> <li>Invoice Number: CC/2023-24/1/EXP/01</li>
          <li>Payment Amount:€ 200</li>
          <li>Due Amount:€ 100</li>
2024-01-08T07:22:50.238Z [info] <a href="invoice/pdf/659b9a11e763091fd964672b"><span>CC/2023-24/1/D/01</a> Invoice Updated By Meet Suthar</span><br/>
          <li>Invoice Amount: ₹ 38350</li>
          <li>Invoice Due Date: 07-01-2024</li>
2024-01-08T07:23:34.505Z [info] <a href="payment/659ba2f61a10069010b217d4"><span>PAY-0004</a> Payment Created By Meet Suthar</span><br>
          <li>Customer Name: Amit Patel</li> <li>Invoice Number: CC/2023-24/1/D/01</li>
          <li>Payment Amount:₹ 37000</li>
          <li>Due Amount:₹ 1350</li>
2024-01-08T07:24:12.002Z [info] <a href="payment/659ba31b1a10069010b2184d"><span>PAY-0005</a> Payment Created By Meet Suthar</span><br>
          <li>Customer Name: Bob Johnson</li> <li>Invoice Number: CC/2023-24/1/EXP/01</li>
          <li>Payment Amount:€ 100</li>
          <li>Due Amount:€ 0</li>
2024-01-08T07:26:05.587Z [info] <a href="expenses/659ba38d1a10069010b218d9">Expense</a> Created By Meet Suthar</span><br>
      <li>Expense Category: Company Trip</li> <li>Expense Amount: ₹ 500000</li>
2024-01-08T07:27:34.536Z [info] <a href="expenses/659ba3e61a10069010b2196f">Expense</a> Created By Meet Suthar</span><br>
      <li>Expense Category: Tea</li> <li>Expense Amount: ₹ 3000</li>
2024-01-08T08:48:31.483Z [info] <a href="expense/659ba1d600911a83e9cd4675">Expense</a> Updated By Meet Suthar</span><br>
      <li>Expense Category: Employee salary</li> <li>Expense Amount: ₹ 136235</li>
2024-01-08T08:48:44.193Z [info] <a href="expense/659ba1d600911a83e9cd4675">Expense</a> Updated By Meet Suthar</span><br>
      <li>Expense Category: Employee salary</li> <li>Expense Amount: ₹ 136235000</li>
2024-01-08T10:10:16.430Z [info] <a href="payment/659bca085cf68c847eec646d"><span>PAY-0006</a> Payment Created By Meet Suthar</span><br>
          <li>Customer Name: John Doe</li> <li>Invoice Number: CC/2023-24/1/EXP/02</li>
          <li>Payment Amount:$ 3000</li>
          <li>Due Amount:$ 3500</li>
2024-01-08T10:11:22.333Z [info] <a href="invoice/pdf/659b9aa1e763091fd96467d7"><span>CC/2023-24/1/EXP/02</a> Invoice Updated By Meet Suthar</span><br/>
          <li>Invoice Amount: $ 6050</li>
          <li>Invoice Due Date: 23-01-2024</li>
2024-01-08T10:22:37.894Z [info] <a href="invoice/pdf/659bcced1082bde4da305faf"><span>CC/2023-24/1/D/04</a> Invoice Created By Meet Suthar</span></a><br/><li>Invoice Amount: ₹ 5900</li>
          <li>Invoice Due Date: 23-01-2024</li>
2024-01-08T10:24:30.651Z [info] <a href="invoice/pdf/659bcced1082bde4da305faf"><span>CC/2023-24/1/D/04</a> Invoice Updated By Meet Suthar</span><br/>
          <li>Invoice Amount: ₹ 5905.9</li>
          <li>Invoice Due Date: 23-01-2024</li>
2024-01-08T10:26:56.135Z [info] <a href="settings"><span>Company Settings</a> Updated By Meet Suthar</span>
2024-01-08T10:28:35.984Z [info] <a href="payment/659bce531082bde4da3060c1"><span>PAY-0007</a> Payment Created By Meet Suthar</span><br>
          <li>Customer Name: Priya Sharma</li> <li>Invoice Number: CC/2023-24/1/D/04</li>
          <li>Payment Amount:₹ 6000</li>
          <li>Due Amount:₹ -94.10000000000036</li>
2024-01-08T10:29:08.280Z [info] <a href="invoice/pdf/659b9a7ee763091fd9646796"><span>CC/2023-24/1/D/02</a> Invoice Updated By Meet Suthar</span><br/>
          <li>Invoice Amount: ₹ 29500</li>
          <li>Invoice Due Date: 07-01-2024</li>
2024-01-08T10:31:35.368Z [info] <a href="expenses/659bcf071082bde4da30619e">Expense</a> Created By Meet Suthar</span><br>
      <li>Expense Category: Office Rent</li> <li>Expense Amount: ₹ 5000</li>
2024-01-08T13:07:17.675Z [info] <a href="invoice/pdf/659bf385f456a6a48f342f3f"><span>CC/2023-24/1/EXP/03</a> Invoice Created By Meet Suthar</span></a><br/><li>Invoice Amount: ₹ 10050</li>
          <li>Invoice Due Date: 23-01-2024</li>
2024-01-08T13:07:39.067Z [info] <a href="invoice/pdf/659bf385f456a6a48f342f3f"><span>CC/2023-24/1/EXP/03</a> Invoice Updated By Meet Suthar</span><br/>
          <li>Invoice Amount: $ 100050</li>
          <li>Invoice Due Date: 23-01-2024</li>
2024-01-08T13:11:13.852Z [info] <a href="invoice/pdf/659bf385f456a6a48f342f3f"><span>CC/2023-24/1/EXP/03</a> Invoice Updated By Meet Suthar</span><br/>
          <li>Invoice Amount: $ 10050</li>
          <li>Invoice Due Date: 23-01-2024</li>
2024-01-08T13:34:07.789Z [info] <a href="invoice/pdf/659bf9cfbe932abfdfab9e3a"><span>CC/2023-24/1/EXP/04</a> Invoice Created By Aman Shah</span></a><br/><li>Invoice Amount: ₹ 45420</li>
          <li>Invoice Due Date: 23-01-2024</li>
2024-01-08T13:35:05.770Z [info] <a href="invoice/pdf/659bfa09be932abfdfab9e8c"><span>CC/2023-24/1/EXP/05</a> Invoice Created By Meet Suthar</span></a><br/><li>Invoice Amount: ₹ 12345</li>
          <li>Invoice Due Date: 23-01-2024</li>
2024-01-08T13:38:43.549Z [info] <a href="invoice/pdf/659bfae39c8717a471ac2c05"><span>CC/2023-24/1/EXP/06</a> Invoice Created By Meet Suthar</span></a><br/><li>Invoice Amount: ₹ 12133</li>
          <li>Invoice Due Date: 23-01-2024</li>
2024-01-08T13:42:22.226Z [info] <a href="invoice/pdf/659bfae39c8717a471ac2c05"><span>CC/2023-24/1/EXP/06</a> Invoice Updated By Meet Suthar</span><br/>
          <li>Invoice Amount: $ 12133</li>
          <li>Invoice Due Date: 23-01-2024</li>
2024-01-08T14:29:35.093Z [info] <a href="expense/659bcf071082bde4da30619e">Expense</a> Updated By Meet Suthar</span><br>
      <li>Expense Category: Office Rent</li> <li>Expense Amount: ₹ 5000</li>
2024-01-08T14:29:46.444Z [info] <a href="expense/659bcf071082bde4da30619e">Expense</a> Updated By Meet Suthar</span><br>
      <li>Expense Category: Office Rent</li> <li>Expense Amount: ₹ 5000</li>
2024-01-08T14:29:50.450Z [info] Expense  Deleted By Meet Suthar</span>
2024-01-09T06:32:03.572Z [info] <a href="customer/659b995de763091fd964666b"><span>Bob Johnson</a> Customer Updated By Aman Shah</span><br>
          <li>Customer Currency: €</li> <li>Customer Projects: Billing System</li>
2024-01-09T06:32:08.487Z [info] <a href="customer/659b995de763091fd964666b"><span>Bob Johnson</a> Customer Updated By Aman Shah</span><br>
          <li>Customer Currency: €</li> <li>Customer Projects: Billing System</li>
2024-01-09T06:53:30.964Z [info] <a href="expenses/659ced6abd42d66f7796f826">Expense</a> Created By Meet Suthar</span><br>
      <li>Expense Category: Company Trip</li> <li>Expense Amount: ₹ 5000</li>
